[debug] [2026-07-10T22:58:58.600Z] ----------------------------------------------------------------------
[debug] [2026-07-10T22:58:58.604Z] Command:       C:\Program Files\nodejs\node.exe C:\Users\Admin\AppData\Local\npm-cache\_npx\7750544ccf494d8b\node_modules\firebase-tools\lib\bin\firebase.js deploy --only functions:importCatalogProductFromSku,functions:generateCatalogProductDraft,functions:upsertCatalogClientUser
[debug] [2026-07-10T22:58:58.605Z] CLI Version:   15.23.0
[debug] [2026-07-10T22:58:58.605Z] Platform:      win32
[debug] [2026-07-10T22:58:58.605Z] Node Version:  v22.18.0
[debug] [2026-07-10T22:58:58.606Z] Detected Agent: codex_cli
[debug] [2026-07-10T22:58:58.606Z] Time:          Fri Jul 10 2026 17:58:58 GMT-0500 (hora estándar de Colombia)
[debug] [2026-07-10T22:58:58.606Z] ----------------------------------------------------------------------
[debug] 
[debug] [2026-07-10T22:59:03.765Z] > command requires scopes: ["email","openid","https://www.googleapis.com/auth/cloudplatformprojects.readonly","https://www.googleapis.com/auth/firebase","https://www.googleapis.com/auth/cloud-platform"]
[debug] [2026-07-10T22:59:03.765Z] > authorizing via signed-in user (maolioc1@gmail.com)
[debug] [2026-07-10T22:59:03.765Z] [iam] checking project ventasdashboard-e48b2 for permissions ["cloudfunctions.functions.create","cloudfunctions.functions.delete","cloudfunctions.functions.get","cloudfunctions.functions.list","cloudfunctions.functions.update","cloudfunctions.operations.get","firebase.projects.get"]
[debug] [2026-07-10T22:59:03.782Z] Checked if tokens are valid: true, expires at: 1783727700114
[debug] [2026-07-10T22:59:03.782Z] Checked if tokens are valid: true, expires at: 1783727700114
[debug] [2026-07-10T22:59:03.784Z] >>> [apiv2][query] POST https://cloudresourcemanager.googleapis.com/v1/projects/ventasdashboard-e48b2:testIamPermissions [none]
[debug] [2026-07-10T22:59:03.784Z] >>> [apiv2][(partial)header] POST https://cloudresourcemanager.googleapis.com/v1/projects/ventasdashboard-e48b2:testIamPermissions  x-goog-user-project=ventasdashboard-e48b2
[debug] [2026-07-10T22:59:03.784Z] >>> [apiv2][body] POST https://cloudresourcemanager.googleapis.com/v1/projects/ventasdashboard-e48b2:testIamPermissions {"permissions":["cloudfunctions.functions.create","cloudfunctions.functions.delete","cloudfunctions.functions.get","cloudfunctions.functions.list","cloudfunctions.functions.update","cloudfunctions.operations.get","firebase.projects.get"]}
[debug] [2026-07-10T22:59:04.356Z] <<< [apiv2][status] POST https://cloudresourcemanager.googleapis.com/v1/projects/ventasdashboard-e48b2:testIamPermissions 200
[debug] [2026-07-10T22:59:04.356Z] <<< [apiv2][body] POST https://cloudresourcemanager.googleapis.com/v1/projects/ventasdashboard-e48b2:testIamPermissions {"permissions":["cloudfunctions.functions.create","cloudfunctions.functions.delete","cloudfunctions.functions.get","cloudfunctions.functions.list","cloudfunctions.functions.update","cloudfunctions.operations.get","firebase.projects.get"]}
[debug] [2026-07-10T22:59:04.357Z] Checked if tokens are valid: true, expires at: 1783727700114
[debug] [2026-07-10T22:59:04.357Z] Checked if tokens are valid: true, expires at: 1783727700114
[debug] [2026-07-10T22:59:04.357Z] >>> [apiv2][query] POST https://iam.googleapis.com/v1/projects/ventasdashboard-e48b2/serviceAccounts/ventasdashboard-e48b2@appspot.gserviceaccount.com:testIamPermissions [none]
[debug] [2026-07-10T22:59:04.357Z] >>> [apiv2][body] POST https://iam.googleapis.com/v1/projects/ventasdashboard-e48b2/serviceAccounts/ventasdashboard-e48b2@appspot.gserviceaccount.com:testIamPermissions {"permissions":["iam.serviceAccounts.actAs"]}
[debug] [2026-07-10T22:59:04.822Z] <<< [apiv2][status] POST https://iam.googleapis.com/v1/projects/ventasdashboard-e48b2/serviceAccounts/ventasdashboard-e48b2@appspot.gserviceaccount.com:testIamPermissions 404
[debug] [2026-07-10T22:59:04.822Z] <<< [apiv2][body] POST https://iam.googleapis.com/v1/projects/ventasdashboard-e48b2/serviceAccounts/ventasdashboard-e48b2@appspot.gserviceaccount.com:testIamPermissions {"error":{"code":404,"message":"Unknown service account","status":"NOT_FOUND"}}
[debug] [2026-07-10T22:59:04.823Z] [functions] service account IAM check errored, deploy may fail: Request to https://iam.googleapis.com/v1/projects/ventasdashboard-e48b2/serviceAccounts/ventasdashboard-e48b2@appspot.gserviceaccount.com:testIamPermissions had HTTP Error: 404, Unknown service account {"name":"FirebaseError","children":[],"context":{"body":{"error":{"code":404,"message":"Unknown service account","status":"NOT_FOUND"}},"response":{"statusCode":404}},"exit":1,"message":"Request to https://iam.googleapis.com/v1/projects/ventasdashboard-e48b2/serviceAccounts/ventasdashboard-e48b2@appspot.gserviceaccount.com:testIamPermissions had HTTP Error: 404, Unknown service account","status":404}
[info] 
[info] === Deploying to 'ventasdashboard-e48b2'...
[info] 
[info] i  deploying functions 
[debug] [2026-07-10T22:59:04.831Z] Checked if tokens are valid: true, expires at: 1783727700114
[debug] [2026-07-10T22:59:04.831Z] Checked if tokens are valid: true, expires at: 1783727700114
[debug] [2026-07-10T22:59:04.831Z] >>> [apiv2][query] GET https://cloudresourcemanager.googleapis.com/v1/projects/ventasdashboard-e48b2 [none]
[debug] [2026-07-10T22:59:04.989Z] <<< [apiv2][status] GET https://cloudresourcemanager.googleapis.com/v1/projects/ventasdashboard-e48b2 200
[debug] [2026-07-10T22:59:04.989Z] <<< [apiv2][body] GET https://cloudresourcemanager.googleapis.com/v1/projects/ventasdashboard-e48b2 {"projectNumber":"685566054954","projectId":"ventasdashboard-e48b2","lifecycleState":"ACTIVE","name":"VentasDashboard","labels":{"firebase":"enabled","firebase-core":"disabled"},"createTime":"2025-12-26T20:59:25.556193Z"}
[info] i  functions: preparing codebase default for deployment 
[info] i  functions: ensuring required API cloudfunctions.googleapis.com is enabled... 
[info] i  functions: ensuring required API cloudbuild.googleapis.com is enabled... 
[info] i  artifactregistry: ensuring required API artifactregistry.googleapis.com is enabled... 
[debug] [2026-07-10T22:59:04.998Z] Checked if tokens are valid: true, expires at: 1783727700114
[debug] [2026-07-10T22:59:04.998Z] Checked if tokens are valid: true, expires at: 1783727700114
[debug] [2026-07-10T22:59:04.999Z] >>> [apiv2][query] GET https://firebase.googleapis.com/v1beta1/projects/ventasdashboard-e48b2/adminSdkConfig [none]
[debug] [2026-07-10T22:59:05.426Z] <<< [apiv2][status] GET https://firebase.googleapis.com/v1beta1/projects/ventasdashboard-e48b2/adminSdkConfig 200
[debug] [2026-07-10T22:59:05.426Z] <<< [apiv2][body] GET https://firebase.googleapis.com/v1beta1/projects/ventasdashboard-e48b2/adminSdkConfig {"projectId":"ventasdashboard-e48b2","storageBucket":"ventasdashboard-e48b2.firebasestorage.app"}
[debug] [2026-07-10T22:59:05.427Z] Checked if tokens are valid: true, expires at: 1783727700114
[debug] [2026-07-10T22:59:05.427Z] Checked if tokens are valid: true, expires at: 1783727700114
[debug] [2026-07-10T22:59:05.427Z] >>> [apiv2][query] GET https://runtimeconfig.googleapis.com/v1beta1/projects/ventasdashboard-e48b2/configs [none]
[debug] [2026-07-10T22:59:05.656Z] <<< [apiv2][status] GET https://runtimeconfig.googleapis.com/v1beta1/projects/ventasdashboard-e48b2/configs 200
[debug] [2026-07-10T22:59:05.656Z] <<< [apiv2][body] GET https://runtimeconfig.googleapis.com/v1beta1/projects/ventasdashboard-e48b2/configs {}
[debug] [2026-07-10T22:59:05.659Z] Validating nodejs source
[warn] !  functions: package.json indicates an outdated version of firebase-functions. Please upgrade using npm install --save firebase-functions@latest in your functions directory. 
[warn] !  functions: Please note that there will be breaking changes when you upgrade. 
[debug] [2026-07-10T22:59:08.688Z] > [functions] package.json contents: {
  "name": "catalogo-functions",
  "private": true,
  "engines": {
    "node": "22"
  },
  "main": "index.js",
  "scripts": {
    "lint": "node --check index.js"
  },
  "dependencies": {
    "firebase-admin": "^13.0.0",
    "firebase-functions": "^6.0.1",
    "pg": "^8.13.1"
  }
}
[debug] [2026-07-10T22:59:08.689Z] Building nodejs source
[info] i  functions: Loading and analyzing source code for codebase default to determine what to deploy 
[debug] [2026-07-10T22:59:08.690Z] Could not find functions.yaml. Must use http discovery
[debug] [2026-07-10T22:59:08.702Z] Found firebase-functions binary at 'C:\Users\Admin\Dashboard\catalogo.github.io\functions\node_modules\.bin\firebase-functions'
[info] Serving at port 8880

[debug] [2026-07-10T22:59:10.361Z] Got response from /__/functions.yaml {"endpoints":{"importCatalogProductFromSku":{"availableMemoryMb":256,"timeoutSeconds":30,"minInstances":null,"maxInstances":null,"ingressSettings":null,"concurrency":null,"serviceAccountEmail":null,"vpc":null,"platform":"gcfv2","region":["us-central1"],"secretEnvironmentVariables":[{"key":"NEON_DATABASE_URL"}],"labels":{},"httpsTrigger":{},"entryPoint":"importCatalogProductFromSku"},"generateCatalogProductDraft":{"availableMemoryMb":512,"timeoutSeconds":90,"minInstances":null,"maxInstances":null,"ingressSettings":null,"concurrency":null,"serviceAccountEmail":null,"vpc":null,"platform":"gcfv2","region":["us-central1"],"secretEnvironmentVariables":[{"key":"GEMINI_API_KEY"}],"labels":{},"httpsTrigger":{},"entryPoint":"generateCatalogProductDraft"},"upsertCatalogClientUser":{"availableMemoryMb":256,"timeoutSeconds":30,"minInstances":null,"maxInstances":null,"ingressSettings":null,"concurrency":null,"serviceAccountEmail":null,"vpc":null,"platform":"gcfv2","region":["us-central1"],"labels":{},"httpsTrigger":{},"entryPoint":"upsertCatalogClientUser"}},"specVersion":"v1alpha1","requiredAPIs":[],"extensions":{},"params":[{"type":"secret","name":"NEON_DATABASE_URL"},{"type":"secret","name":"GEMINI_API_KEY"}]}
